[debug] [2022-01-12T01:56:17.609Z] ----------------------------------------------------------------------
[debug] [2022-01-12T01:56:17.611Z] Command:       C:\Program Files\nodejs\node.exe C:\Users\7793a\AppData\Roaming\npm\node_modules\firebase-tools\lib\bin\firebase.js deploy
[debug] [2022-01-12T01:56:17.611Z] CLI Version:   10.0.1
[debug] [2022-01-12T01:56:17.611Z] Platform:      win32
[debug] [2022-01-12T01:56:17.612Z] Node Version:  v14.17.6
[debug] [2022-01-12T01:56:17.612Z] Time:          Tue Jan 11 2022 17:56:17 GMT-0800 (Pacific Standard Time)
[debug] [2022-01-12T01:56:17.612Z] ----------------------------------------------------------------------
[debug] 
[debug] [2022-01-12T01:56:17.671Z] > command requires scopes: ["email","openid","https://www.googleapis.com/auth/cloudplatformprojects.readonly","https://www.googleapis.com/auth/firebase","https://www.googleapis.com/auth/cloud-platform"]
[debug] [2022-01-12T01:56:17.671Z] > authorizing via signed-in user (7793aman@gmail.com)
[debug] [2022-01-12T01:56:17.671Z] [iam] checking project portfolio-4aec4 for permissions ["firebase.projects.get","firebasehosting.sites.update"]
[debug] [2022-01-12T01:56:17.673Z] > refreshing access token with scopes: ["email","https://www.googleapis.com/auth/cloud-platform","https://www.googleapis.com/auth/cloudplatformprojects.readonly","https://www.googleapis.com/auth/firebase","openid"]
[debug] [2022-01-12T01:56:17.673Z] >>> HTTP REQUEST POST https://www.googleapis.com/oauth2/v3/token  
 <request body omitted>
[debug] [2022-01-12T01:56:17.807Z] <<< HTTP RESPONSE 200 {"cache-control":"no-cache, no-store, max-age=0, must-revalidate","date":"Wed, 12 Jan 2022 01:56:18 GMT","pragma":"no-cache","expires":"Mon, 01 Jan 1990 00:00:00 GMT","content-type":"application/json; charset=utf-8","vary":"X-Origin, Referer, Origin,Accept-Encoding","server":"scaffolding on HTTPServer2","x-xss-protection":"0","x-frame-options":"SAMEORIGIN","x-content-type-options":"nosniff","alt-svc":"h3=\":443\"; ma=2592000,h3-29=\":443\"; ma=2592000,h3-Q050=\":443\"; ma=2592000,h3-Q046=\":443\"; ma=2592000,h3-Q043=\":443\"; ma=2592000,quic=\":443\"; ma=2592000; v=\"46,43\"","accept-ranges":"none","transfer-encoding":"chunked"}
[debug] [2022-01-12T01:56:17.845Z] >>> HTTP REQUEST POST https://cloudresourcemanager.googleapis.com/v1/projects/portfolio-4aec4:testIamPermissions  
 {"permissions":["firebase.projects.get","firebasehosting.sites.update"]}
[debug] [2022-01-12T01:56:18.126Z] <<< HTTP RESPONSE 200 {"content-type":"application/json; charset=UTF-8","vary":"X-Origin, Referer, Origin,Accept-Encoding","date":"Wed, 12 Jan 2022 01:56:18 GMT","server":"ESF","cache-control":"private","x-xss-protection":"0","x-frame-options":"SAMEORIGIN","x-content-type-options":"nosniff","server-timing":"gfet4t7; dur=135","alt-svc":"h3=\":443\"; ma=2592000,h3-29=\":443\"; ma=2592000,h3-Q050=\":443\"; ma=2592000,h3-Q046=\":443\"; ma=2592000,h3-Q043=\":443\"; ma=2592000,quic=\":443\"; ma=2592000; v=\"46,43\"","accept-ranges":"none","transfer-encoding":"chunked"}
[debug] [2022-01-12T01:56:18.130Z] > refreshing access token with scopes: []
[debug] [2022-01-12T01:56:18.130Z] >>> HTTP REQUEST POST https://www.googleapis.com/oauth2/v3/token  
 <request body omitted>
[debug] [2022-01-12T01:56:18.224Z] <<< HTTP RESPONSE 200 {"expires":"Mon, 01 Jan 1990 00:00:00 GMT","date":"Wed, 12 Jan 2022 01:56:18 GMT","cache-control":"no-cache, no-store, max-age=0, must-revalidate","pragma":"no-cache","content-type":"application/json; charset=utf-8","vary":"X-Origin, Referer, Origin,Accept-Encoding","server":"scaffolding on HTTPServer2","x-xss-protection":"0","x-frame-options":"SAMEORIGIN","x-content-type-options":"nosniff","alt-svc":"h3=\":443\"; ma=2592000,h3-29=\":443\"; ma=2592000,h3-Q050=\":443\"; ma=2592000,h3-Q046=\":443\"; ma=2592000,h3-Q043=\":443\"; ma=2592000,quic=\":443\"; ma=2592000; v=\"46,43\"","accept-ranges":"none","transfer-encoding":"chunked"}
[debug] [2022-01-12T01:56:18.245Z] >>> [apiv2][query] GET https://firebase.googleapis.com/v1beta1/projects/portfolio-4aec4 [none]
[debug] [2022-01-12T01:56:18.546Z] <<< [apiv2][status] GET https://firebase.googleapis.com/v1beta1/projects/portfolio-4aec4 200
[debug] [2022-01-12T01:56:18.547Z] <<< [apiv2][body] GET https://firebase.googleapis.com/v1beta1/projects/portfolio-4aec4 {"projectId":"portfolio-4aec4","projectNumber":"931257867734","displayName":"Portfolio","name":"projects/portfolio-4aec4","resources":{"hostingSite":"portfolio-4aec4"},"state":"ACTIVE"}
[info] 
[info] === Deploying to 'portfolio-4aec4'...
[info] 
[info] i  deploying hosting 
[debug] [2022-01-12T01:56:18.556Z] > refreshing access token with scopes: ["email","https://www.googleapis.com/auth/cloud-platform","https://www.googleapis.com/auth/cloudplatformprojects.readonly","https://www.googleapis.com/auth/firebase","openid"]
[debug] [2022-01-12T01:56:18.556Z] >>> HTTP REQUEST POST https://www.googleapis.com/oauth2/v3/token  
 <request body omitted>
[debug] [2022-01-12T01:56:18.705Z] <<< HTTP RESPONSE 200 {"pragma":"no-cache","expires":"Mon, 01 Jan 1990 00:00:00 GMT","cache-control":"no-cache, no-store, max-age=0, must-revalidate","date":"Wed, 12 Jan 2022 01:56:19 GMT","content-type":"application/json; charset=utf-8","vary":"X-Origin, Referer, Origin,Accept-Encoding","server":"scaffolding on HTTPServer2","x-xss-protection":"0","x-frame-options":"SAMEORIGIN","x-content-type-options":"nosniff","alt-svc":"h3=\":443\"; ma=2592000,h3-29=\":443\"; ma=2592000,h3-Q050=\":443\"; ma=2592000,h3-Q046=\":443\"; ma=2592000,h3-Q043=\":443\"; ma=2592000,quic=\":443\"; ma=2592000; v=\"46,43\"","accept-ranges":"none","transfer-encoding":"chunked"}
[debug] [2022-01-12T01:56:18.723Z] >>> HTTP REQUEST POST https://firebasehosting.googleapis.com/v1beta1/sites/portfolio-4aec4/versions  
 {"config":{},"labels":{"deployment-tool":"cli-firebase"}}
[debug] [2022-01-12T01:56:19.559Z] <<< HTTP RESPONSE 500 {"vary":"X-Origin, Referer, Origin,Accept-Encoding","content-type":"application/json; charset=UTF-8","date":"Wed, 12 Jan 2022 01:56:19 GMT","server":"ESF","cache-control":"private","x-xss-protection":"0","x-frame-options":"SAMEORIGIN","x-content-type-options":"nosniff","alt-svc":"h3=\":443\"; ma=2592000,h3-29=\":443\"; ma=2592000,h3-Q050=\":443\"; ma=2592000,h3-Q046=\":443\"; ma=2592000,h3-Q043=\":443\"; ma=2592000,quic=\":443\"; ma=2592000; v=\"46,43\"","accept-ranges":"none","transfer-encoding":"chunked"}
[debug] [2022-01-12T01:56:19.560Z] <<< HTTP RESPONSE BODY {"error":{"code":500,"message":"Internal error encountered.","status":"INTERNAL"}}
[error] 
[error] Error: HTTP Error: 500, Internal error encountered.
[debug] [2022-01-12T01:56:19.663Z] Error Context: {
  "body": {
    "error": {
      "code": 500,
      "message": "Internal error encountered.",
      "status": "INTERNAL"
    }
  },
  "response": {
    "statusCode": 500,
    "body": {
      "error": {
        "code": 500,
        "message": "Internal error encountered.",
        "status": "INTERNAL"
      }
    },
    "headers": {
      "vary": "X-Origin, Referer, Origin,Accept-Encoding",
      "content-type": "application/json; charset=UTF-8",
      "date": "Wed, 12 Jan 2022 01:56:19 GMT",
      "server": "ESF",
      "cache-control": "private",
      "x-xss-protection": "0",
      "x-frame-options": "SAMEORIGIN",
      "x-content-type-options": "nosniff",
      "alt-svc": "h3=\":443\"; ma=2592000,h3-29=\":443\"; ma=2592000,h3-Q050=\":443\"; ma=2592000,h3-Q046=\":443\"; ma=2592000,h3-Q043=\":443\"; ma=2592000,quic=\":443\"; ma=2592000; v=\"46,43\"",
      "accept-ranges": "none",
      "transfer-encoding": "chunked"
    },
    "request": {
      "uri": {
        "protocol": "https:",
        "slashes": true,
        "auth": null,
        "host": "firebasehosting.googleapis.com",
        "port": 443,
        "hostname": "firebasehosting.googleapis.com",
        "hash": null,
        "search": null,
        "query": null,
        "pathname": "/v1beta1/sites/portfolio-4aec4/versions",
        "path": "/v1beta1/sites/portfolio-4aec4/versions",
        "href": "https://firebasehosting.googleapis.com/v1beta1/sites/portfolio-4aec4/versions"
      },
      "method": "POST"
    }
  }
}
[debug] [2022-01-12T01:57:22.001Z] ----------------------------------------------------------------------
[debug] [2022-01-12T01:57:22.002Z] Command:       C:\Program Files\nodejs\node.exe C:\Users\7793a\AppData\Roaming\npm\node_modules\firebase-tools\lib\bin\firebase.js init
[debug] [2022-01-12T01:57:22.003Z] CLI Version:   10.0.1
[debug] [2022-01-12T01:57:22.003Z] Platform:      win32
[debug] [2022-01-12T01:57:22.003Z] Node Version:  v14.17.6
[debug] [2022-01-12T01:57:22.003Z] Time:          Tue Jan 11 2022 17:57:22 GMT-0800 (Pacific Standard Time)
[debug] [2022-01-12T01:57:22.004Z] ----------------------------------------------------------------------
[debug] 
[debug] [2022-01-12T01:57:22.056Z] > command requires scopes: ["email","openid","https://www.googleapis.com/auth/cloudplatformprojects.readonly","https://www.googleapis.com/auth/firebase","https://www.googleapis.com/auth/cloud-platform"]
[debug] [2022-01-12T01:57:22.056Z] > authorizing via signed-in user (7793aman@gmail.com)
[info] 
     ######## #### ########  ######## ########     ###     ######  ########
     ##        ##  ##     ## ##       ##     ##  ##   ##  ##       ##
     ######    ##  ########  ######   ########  #########  ######  ######
     ##        ##  ##    ##  ##       ##     ## ##     ##       ## ##
     ##       #### ##     ## ######## ########  ##     ##  ######  ########

You're about to initialize a Firebase project in this directory:

  C:\Portfolio\React-Portfolio

Before we get started, keep in mind:

  * You are currently outside your home directory
  * You are initializing within an existing Firebase project directory

[info] 
=== Project Setup
[info] 
[info] First, let's associate this project directory with a Firebase project.
[info] You can create multiple project aliases by running firebase use --add, 
[info] but for now we'll just set up a default project.
[info] 
[debug] [2022-01-12T01:57:35.143Z] Using project from CLI flag: portfolio-4aec4
[debug] [2022-01-12T01:57:35.146Z] > refreshing access token with scopes: []
[debug] [2022-01-12T01:57:35.147Z] >>> HTTP REQUEST POST https://www.googleapis.com/oauth2/v3/token  
 <request body omitted>
[debug] [2022-01-12T01:57:35.305Z] <<< HTTP RESPONSE 200 {"pragma":"no-cache","cache-control":"no-cache, no-store, max-age=0, must-revalidate","expires":"Mon, 01 Jan 1990 00:00:00 GMT","date":"Wed, 12 Jan 2022 01:57:35 GMT","content-type":"application/json; charset=utf-8","vary":"X-Origin, Referer, Origin,Accept-Encoding","server":"scaffolding on HTTPServer2","x-xss-protection":"0","x-frame-options":"SAMEORIGIN","x-content-type-options":"nosniff","alt-svc":"h3=\":443\"; ma=2592000,h3-29=\":443\"; ma=2592000,h3-Q050=\":443\"; ma=2592000,h3-Q046=\":443\"; ma=2592000,h3-Q043=\":443\"; ma=2592000,quic=\":443\"; ma=2592000; v=\"46,43\"","accept-ranges":"none","transfer-encoding":"chunked"}
[debug] [2022-01-12T01:57:35.324Z] >>> [apiv2][query] GET https://firebase.googleapis.com/v1beta1/projects/portfolio-4aec4 [none]
[debug] [2022-01-12T01:57:35.562Z] <<< [apiv2][status] GET https://firebase.googleapis.com/v1beta1/projects/portfolio-4aec4 200
[debug] [2022-01-12T01:57:35.562Z] <<< [apiv2][body] GET https://firebase.googleapis.com/v1beta1/projects/portfolio-4aec4 {"projectId":"portfolio-4aec4","projectNumber":"931257867734","displayName":"Portfolio","name":"projects/portfolio-4aec4","resources":{"hostingSite":"portfolio-4aec4"},"state":"ACTIVE"}
[info] i  Using project portfolio-4aec4 (Portfolio) 
[info] 
=== Hosting Setup
[info] 
[info] Your public directory is the folder (relative to your project directory) that
[info] will contain Hosting assets to be uploaded with firebase deploy. If you
[info] have a build process for your assets, use your build's output directory.
[info] 
[debug] [2022-01-12T02:01:20.827Z] ----------------------------------------------------------------------
[debug] [2022-01-12T02:01:20.829Z] Command:       C:\Program Files\nodejs\node.exe C:\Users\7793a\AppData\Roaming\npm\node_modules\firebase-tools\lib\bin\firebase.js init
[debug] [2022-01-12T02:01:20.829Z] CLI Version:   10.0.1
[debug] [2022-01-12T02:01:20.829Z] Platform:      win32
[debug] [2022-01-12T02:01:20.829Z] Node Version:  v14.17.6
[debug] [2022-01-12T02:01:20.830Z] Time:          Tue Jan 11 2022 18:01:20 GMT-0800 (Pacific Standard Time)
[debug] [2022-01-12T02:01:20.830Z] ----------------------------------------------------------------------
[debug] 
[debug] [2022-01-12T02:01:20.880Z] > command requires scopes: ["email","openid","https://www.googleapis.com/auth/cloudplatformprojects.readonly","https://www.googleapis.com/auth/firebase","https://www.googleapis.com/auth/cloud-platform"]
[debug] [2022-01-12T02:01:20.881Z] > authorizing via signed-in user (7793aman@gmail.com)
[info] 
     ######## #### ########  ######## ########     ###     ######  ########
     ##        ##  ##     ## ##       ##     ##  ##   ##  ##       ##
     ######    ##  ########  ######   ########  #########  ######  ######
     ##        ##  ##    ##  ##       ##     ## ##     ##       ## ##
     ##       #### ##     ## ######## ########  ##     ##  ######  ########

You're about to initialize a Firebase project in this directory:

  C:\Portfolio\React-Portfolio

Before we get started, keep in mind:

  * You are currently outside your home directory
  * You are initializing within an existing Firebase project directory

[info] 
=== Project Setup
[info] 
[info] First, let's associate this project directory with a Firebase project.
[info] You can create multiple project aliases by running firebase use --add, 
[info] but for now we'll just set up a default project.
[info] 
[debug] [2022-01-12T02:01:28.631Z] Using project from CLI flag: portfolio-4aec4
[debug] [2022-01-12T02:01:28.635Z] >>> [apiv2][query] GET https://firebase.googleapis.com/v1beta1/projects/portfolio-4aec4 [none]
[debug] [2022-01-12T02:01:28.945Z] <<< [apiv2][status] GET https://firebase.googleapis.com/v1beta1/projects/portfolio-4aec4 200
[debug] [2022-01-12T02:01:28.945Z] <<< [apiv2][body] GET https://firebase.googleapis.com/v1beta1/projects/portfolio-4aec4 {"projectId":"portfolio-4aec4","projectNumber":"931257867734","displayName":"Portfolio","name":"projects/portfolio-4aec4","resources":{"hostingSite":"portfolio-4aec4"},"state":"ACTIVE"}
[info] i  Using project portfolio-4aec4 (Portfolio) 
[info] 
=== Hosting Setup
[info] 
[info] Your public directory is the folder (relative to your project directory) that
[info] will contain Hosting assets to be uploaded with firebase deploy. If you
[info] have a build process for your assets, use your build's output directory.
[info] 
